[ 2017-04-07T15:31:22+08:00 ] 127.0.0.1 /
INFO: [ app_init ] --START--
INFO: Run Behavior\BuildLiteBehavior [ RunTime:0.000041s ]
INFO: [ app_init ] --END-- [ RunTime:0.001442s ]
INFO: [ app_begin ] --START--
INFO: Run Behavior\ReadHtmlCacheBehavior [ RunTime:0.001640s ]
INFO: [ app_begin ] --END-- [ RunTime:0.001787s ]
NOTIC: [8] A session had already been started - ignoring session_start() E:\xampp\htdocs\kaoshixitong.cn\ThinkPHP\Common\functions.php 第 1263 行.

[ 2017-04-07T15:31:30+08:00 ] 127.0.0.1 /index.php/home/user/login.html
INFO: [ app_init ] --START--
INFO: Run Behavior\BuildLiteBehavior [ RunTime:0.000033s ]
INFO: [ app_init ] --END-- [ RunTime:0.001281s ]
INFO: [ app_begin ] --START--
INFO: Run Behavior\ReadHtmlCacheBehavior [ RunTime:0.001397s ]
INFO: [ app_begin ] --END-- [ RunTime:0.001526s ]
NOTIC: [8] A session had already been started - ignoring session_start() E:\xampp\htdocs\kaoshixitong.cn\ThinkPHP\Common\functions.php 第 1263 行.
SQL: select max(create_time) as max from ks_question  [ RunTime:0.0614s ]
SQL: SHOW COLUMNS FROM `ks_question` [ RunTime:0.0500s ]
SQL: SELECT * FROM `ks_question` WHERE `question_type` = 1  [ RunTime:3.2719s ]
SQL: SELECT * FROM `ks_question` WHERE `question_type` = 2  [ RunTime:3.7758s ]
INFO: [ view_parse ] --START--
INFO: [ template_filter ] --START--
INFO: Run Behavior\ContentReplaceBehavior [ RunTime:0.003712s ]
INFO: [ template_filter ] --END-- [ RunTime:0.003778s ]
INFO: Run Behavior\ParseTemplateBehavior [ RunTime:0.028745s ]
INFO: [ view_parse ] --END-- [ RunTime:0.028795s ]
INFO: [ view_filter ] --START--
INFO: Run Behavior\WriteHtmlCacheBehavior [ RunTime:0.000335s ]
INFO: [ view_filter ] --END-- [ RunTime:0.000364s ]
INFO: [ app_end ] --START--
INFO: Run Behavior\ShowPageTraceBehavior [ RunTime:0.000718s ]
INFO: [ app_end ] --END-- [ RunTime:0.000781s ]

[ 2017-04-07T15:31:30+08:00 ] 127.0.0.1 /index.php/Home/User/verify_c.html
INFO: [ app_init ] --START--
INFO: Run Behavior\BuildLiteBehavior [ RunTime:0.000017s ]
INFO: [ app_init ] --END-- [ RunTime:0.000432s ]
INFO: [ app_begin ] --START--
INFO: Run Behavior\ReadHtmlCacheBehavior [ RunTime:0.000403s ]
INFO: [ app_begin ] --END-- [ RunTime:0.000450s ]
NOTIC: [8] A session had already been started - ignoring session_start() E:\xampp\htdocs\kaoshixitong.cn\ThinkPHP\Common\functions.php 第 1263 行.
INFO: [ app_end ] --START--
INFO: Run Behavior\ShowPageTraceBehavior [ RunTime:0.000919s ]
INFO: [ app_end ] --END-- [ RunTime:0.001063s ]

[ 2017-04-07T15:32:35+08:00 ] 127.0.0.1 /Home/User/regist
INFO: [ app_init ] --START--
INFO: Run Behavior\BuildLiteBehavior [ RunTime:0.000012s ]
INFO: [ app_init ] --END-- [ RunTime:0.000450s ]
INFO: [ app_begin ] --START--
INFO: Run Behavior\ReadHtmlCacheBehavior [ RunTime:0.000520s ]
INFO: [ app_begin ] --END-- [ RunTime:0.000568s ]
NOTIC: [8] A session had already been started - ignoring session_start() E:\xampp\htdocs\kaoshixitong.cn\ThinkPHP\Common\functions.php 第 1263 行.
SQL: SHOW COLUMNS FROM `ks_areas` [ RunTime:0.2399s ]
SQL: SELECT * FROM `ks_areas` WHERE `area_type` = 1  [ RunTime:0.1990s ]
INFO: [ view_parse ] --START--
INFO: [ template_filter ] --START--
INFO: Run Behavior\ContentReplaceBehavior [ RunTime:0.000215s ]
INFO: [ template_filter ] --END-- [ RunTime:0.000356s ]
INFO: Run Behavior\ParseTemplateBehavior [ RunTime:0.037732s ]
INFO: [ view_parse ] --END-- [ RunTime:0.037875s ]
INFO: [ view_filter ] --START--
INFO: Run Behavior\WriteHtmlCacheBehavior [ RunTime:0.000943s ]
INFO: [ view_filter ] --END-- [ RunTime:0.001058s ]
INFO: [ app_end ] --START--
INFO: Run Behavior\ShowPageTraceBehavior [ RunTime:0.001580s ]
INFO: [ app_end ] --END-- [ RunTime:0.001702s ]

